[17:06:43] [main/INFO] [JMLogger] JourneyMap log initialized.
[17:06:43] [main/INFO] [JourneymapClient] initialize ENTER
[17:06:43] [main/WARN] [PropertiesBase] core (Initialized) Bad configField entry during updateFrom(): optionsManagerViewed=null
[17:06:43] [main/WARN] [PropertiesBase] core (Initialized) Bad configField entry during updateFrom(): splashViewed=null
[17:06:43] [Client thread/INFO] [?] Version: JourneyMap 1.12.2-5.5.2, built with Forge 14.23.0.2491
Forge: 14.23.4.2705
Environment: os.name, os.arch, java.version, user.country, user.language=null, game language=en_us, locale=en_us
Features: 
	RadarPlayers : singleplayer = true , multiplayer = true
	RadarAnimals : singleplayer = true , multiplayer = true
	RadarMobs : singleplayer = true , multiplayer = true
	RadarVillagers : singleplayer = true , multiplayer = true
	MapTopo : singleplayer = true , multiplayer = true
	MapSurface : singleplayer = true , multiplayer = true
	MapCaves : singleplayer = true , multiplayer = true
MiniMapProperties{state=Valid, file=journeymap.minimap.config, configVersion=5.5.2, zoomLevel=0, showPlayers=true, frameAlpha=100, compassFontScale=1, terrainAlpha=100, showEntityNames=true, enabled=true, showPlayerHeading=true, showVillagers=true, info2Label=Game Time, sizePercent=30, showDayNight=true, info3Label=Location, showMobs=true, showPets=true, preferredMapType=day, showCompass=true, mobDisplay=Small Dots, showReticle=true, orientation=North, shape=Circle, showSelf=true, info4Label=Biome, locationFormat=xzyv, playerDisplay=Small Dots, showGrid=true, reticleOrientation=Compass, showWaypoints=true, showCaves=true, showAnimals=true, showMobHeading=true, showWaypointLabels=true, locationFormatVerbose=true, position=Top Right, info1Label=Blank, fontScale=1}
MiniMapProperties{state=Valid, file=journeymap.minimap2.config, configVersion=5.5.2, zoomLevel=0, showPlayers=true, frameAlpha=100, compassFontScale=1, terrainAlpha=100, showEntityNames=true, enabled=true, showPlayerHeading=true, showVillagers=true, info2Label=Game Time, sizePercent=30, showDayNight=true, info3Label=Location, showMobs=true, showPets=true, preferredMapType=day, showCompass=true, mobDisplay=Small Dots, showReticle=true, orientation=North, shape=Rectangle, showSelf=true, info4Label=Biome, locationFormat=xzyv, playerDisplay=Small Dots, showGrid=true, reticleOrientation=Compass, showWaypoints=true, showCaves=true, showAnimals=true, showMobHeading=true, showWaypointLabels=true, locationFormatVerbose=true, position=Top Right, info1Label=Blank, fontScale=1}
FullMapProperties{state=Valid, file=journeymap.fullmap.config, configVersion=5.5.2, mobDisplay=Small Dots, zoomLevel=0, showPlayers=true, showSelf=true, locationFormat=xzyv, playerDisplay=Small Dots, showGrid=true, showEntityNames=true, showPlayerHeading=true, showVillagers=true, showWaypoints=true, showCaves=true, showAnimals=true, showMobHeading=true, showKeys=true, showWaypointLabels=true, locationFormatVerbose=true, showMobs=true, showPets=true, fontScale=1, preferredMapType=day}
WaypointProperties{state=Valid, file=journeymap.waypoint.config, configVersion=5.5.2, createDeathpoints=true, showName=true, maxDistance=0, autoHideLabel=true, showStaticBeam=true, minDistance=4, boldLabel=false, textureSmall=true, showDistance=true, showRotatingBeam=true, fontScale=2, showTexture=true, managerEnabled=true, beaconEnabled=true}
WebMapProperties{state=Valid, file=journeymap.webmap.config, configVersion=5.5.2, zoomLevel=0, showWaypoints=true, showCaves=true, showSelf=true, port=8080, showGrid=true, showEntityNames=true, enabled=false, googleMapApiDomain=.com, preferredMapType=day}
CoreProperties{state=Valid, file=journeymap.core.config, configVersion=5.5.2, verboseColorPalette=false, maxPlayersData=32, mapSurfaceAboveCaves=true, optionsManagerViewed=null, announceMod=true, colorPassive=#bbbbbb, renderOverlayEventTypeName=ALL, mapBlendWater=false, renderDistanceSurfaceMax=7, radarVerticalDistance=16, mapBlendGrass=true, recordCacheStats=false, hideSneakingEntities=true, revealShape=Circle, alwaysMapSurface=false, colorVillager=#88e188, mapPlants=false, colorPet=#0077ff, radarLateralDistance=64, mapBathymetry=false, mapCrops=true, maxMobsData=32, mapPlantShadows=false, alwaysMapCaves=false, checkUpdates=true, browserPoll=2000, mapBlendFoliage=true, mappingEnabled=true, colorPlayer=#ffffff, tileHighDisplayQuality=true, cacheVillagersData=2200, logLevel=INFO, maxVillagersData=32, maxAnimalsData=32, mapTransparency=true, tileRenderType=1, caveIgnoreGlass=true, mapTopography=true, renderDistanceCaveMax=3, mapAntialiasing=true, colorSelf=#0000ff, cachePlayersData=2000, cacheMobsData=3000, cachePlayerData=1000, splashViewed=null, colorHostile=#ff0000, cacheAnimalsData=3100, themeName=OceanMonument, mapCaveLighting=true, renderDelay=2, renderOverlayPreEvent=true, autoMapPoll=2000}
[17:06:43] [main/INFO] [ClientAPI] [ClientAPI] built with JourneyMap API 1.4
[17:06:43] [main/INFO] [PluginHelper] Initializing plugins with Client API: journeymap.client.api.impl.ClientAPI
[17:06:43] [main/INFO] [PluginHelper] Initialized IClientPlugin: com.feed_the_beast.ftbutilities.integration.JourneyMapIntegration
[17:06:43] [main/INFO] [JourneymapClient] initialize EXIT, elapsed count 0 avg ?ms
[17:07:16] [main/INFO] [IconSetFileHandler] Added entity icons from journeymap:icon/entity. Success: false
[17:07:17] [main/INFO] [ThemeLoader] Preloaded theme textures: 71
[17:07:18] [JM-VersionCheck-1/ERROR] [VersionCheck$1] Could not check version URL
com.google.gson.JsonSyntaxException: com.google.gson.stream.MalformedJsonException: Use JsonReader.setLenient(true) to accept malformed JSON at line 2 column 2 path $
	at com.google.gson.JsonParser.parse(JsonParser.java:65) ~[JsonParser.class:?]
	at com.google.gson.JsonParser.parse(JsonParser.java:45) ~[JsonParser.class:?]
	at journeymap.common.version.VersionCheck$1.run(VersionCheck.java:134) [VersionCheck$1.class:1.12.2-5.5.2]
	at java.util.concurrent.Executors$RunnableAdapter.call(Executors.java:511) [?:1.8.0_51]
	at java.util.concurrent.FutureTask.run(FutureTask.java:266) [?:1.8.0_51]
	at java.util.concurrent.ThreadPoolExecutor.runWorker(ThreadPoolExecutor.java:1142) [?:1.8.0_51]
	at java.util.concurrent.ThreadPoolExecutor$Worker.run(ThreadPoolExecutor.java:617) [?:1.8.0_51]
	at java.lang.Thread.run(Thread.java:745) [?:1.8.0_51]
Caused by: com.google.gson.stream.MalformedJsonException: Use JsonReader.setLenient(true) to accept malformed JSON at line 2 column 2 path $
	at com.google.gson.stream.JsonReader.syntaxError(JsonReader.java:1559) ~[JsonReader.class:?]
	at com.google.gson.stream.JsonReader.checkLenient(JsonReader.java:1401) ~[JsonReader.class:?]
	at com.google.gson.stream.JsonReader.doPeek(JsonReader.java:542) ~[JsonReader.class:?]
	at com.google.gson.stream.JsonReader.peek(JsonReader.java:425) ~[JsonReader.class:?]
	at com.google.gson.JsonParser.parse(JsonParser.java:60) ~[JsonParser.class:?]
	... 7 more
[17:09:37] [Netty Client IO #0/INFO] [LoginPacket$Listener] Login Packet received
[17:11:11] [Server thread/INFO] [PropertiesBase] global (FirstLoaded) Setting config file to version "5.5.2": journeymap.server.global.config
[17:11:11] [Server thread/INFO] [PropertiesBase] global (Valid) Creating config file: C:\Users\Jolvary\Documents\Curse\Minecraft\Instances\Foregoing\journeymap\server\5.5\journeymap.server.global.config
[17:11:11] [Server thread/INFO] [PropertiesBase] dim-1 (Initialized) Setting config file to version "5.5.2": journeymap.server.dim-1.config
[17:11:11] [Server thread/INFO] [PropertiesBase] dim-1 (Valid) Creating config file: C:\Users\Jolvary\Documents\Curse\Minecraft\Instances\Foregoing\journeymap\server\5.5\journeymap.server.dim-1.config
[17:11:11] [Server thread/INFO] [PropertiesBase] dim1 (Initialized) Setting config file to version "5.5.2": journeymap.server.dim1.config
[17:11:11] [Server thread/INFO] [PropertiesBase] dim1 (Valid) Creating config file: C:\Users\Jolvary\Documents\Curse\Minecraft\Instances\Foregoing\journeymap\server\5.5\journeymap.server.dim1.config
[17:11:11] [Server thread/INFO] [PropertiesBase] dim33 (Initialized) Setting config file to version "5.5.2": journeymap.server.dim33.config
[17:11:11] [Server thread/INFO] [PropertiesBase] dim33 (Valid) Creating config file: C:\Users\Jolvary\Documents\Curse\Minecraft\Instances\Foregoing\journeymap\server\5.5\journeymap.server.dim33.config
[17:11:11] [Server thread/INFO] [PropertiesBase] dim418 (Initialized) Setting config file to version "5.5.2": journeymap.server.dim418.config
[17:11:11] [Server thread/INFO] [PropertiesBase] dim418 (Valid) Creating config file: C:\Users\Jolvary\Documents\Curse\Minecraft\Instances\Foregoing\journeymap\server\5.5\journeymap.server.dim418.config
[17:11:11] [Server thread/INFO] [PropertiesBase] dim4598 (Initialized) Setting config file to version "5.5.2": journeymap.server.dim4598.config
[17:11:11] [Server thread/INFO] [PropertiesBase] dim4598 (Valid) Creating config file: C:\Users\Jolvary\Documents\Curse\Minecraft\Instances\Foregoing\journeymap\server\5.5\journeymap.server.dim4598.config
[17:11:12] [Server thread/INFO] [PropertiesBase] dim0 (Initialized) Setting config file to version "5.5.2": journeymap.server.dim0.config
[17:11:12] [Server thread/INFO] [PropertiesBase] dim0 (Valid) Creating config file: C:\Users\Jolvary\Documents\Curse\Minecraft\Instances\Foregoing\journeymap\server\5.5\journeymap.server.dim0.config
[17:11:14] [Server thread/ERROR] [DataCache] ExecutionException in getPlayer: com.google.common.util.concurrent.UncheckedExecutionException: java.lang.NullPointerException
	at com.google.common.cache.LocalCache$Segment.get(LocalCache.java:2217)
	at com.google.common.cache.LocalCache.get(LocalCache.java:4154)
	at com.google.common.cache.LocalCache.getOrLoad(LocalCache.java:4158)
	at com.google.common.cache.LocalCache$LocalLoadingCache.get(LocalCache.java:5147)
	at journeymap.client.data.DataCache.getPlayer(DataCache.java:303)
	at journeymap.client.data.DataCache.getPlayer(DataCache.java:190)
	at journeymap.client.forge.event.WorldEventHandler.onUnload(WorldEventHandler.java:33)
	at net.minecraftforge.fml.common.eventhandler.ASMEventHandler_1583_WorldEventHandler_onUnload_Unload.invoke(.dynamic)
	at net.minecraftforge.fml.common.eventhandler.ASMEventHandler.invoke(ASMEventHandler.java:90)
	at net.minecraftforge.fml.common.eventhandler.EventBus.post(EventBus.java:182)
	at net.minecraftforge.common.DimensionManager.unloadWorlds(DimensionManager.java:381)
	at net.minecraft.server.MinecraftServer.func_71190_q(MinecraftServer.java:788)
	at net.minecraft.server.MinecraftServer.func_71217_p(MinecraftServer.java:668)
	at net.minecraft.server.integrated.IntegratedServer.func_71217_p(IntegratedServer.java:185)
	at net.minecraft.server.MinecraftServer.run(MinecraftServer.java:526)
	at java.lang.Thread.run(Thread.java:745)
Caused by: java.lang.NullPointerException
	at com.google.common.base.Preconditions.checkNotNull(Preconditions.java:770)
	at com.google.common.cache.LocalCache.get(LocalCache.java:4153)
	at com.google.common.cache.LocalCache.getOrLoad(LocalCache.java:4158)
	at com.google.common.cache.LocalCache$LocalLoadingCache.get(LocalCache.java:5147)
	at com.google.common.cache.LocalCache$LocalLoadingCache.getUnchecked(LocalCache.java:5153)
	at journeymap.client.data.DataCache.getEntityDTO(DataCache.java:441)
	at journeymap.client.data.PlayerData.load(PlayerData.java:86)
	at journeymap.client.data.PlayerData.load(PlayerData.java:30)
	at com.google.common.cache.LocalCache$LoadingValueReference.loadFuture(LocalCache.java:3716)
	at com.google.common.cache.LocalCache$Segment.loadSync(LocalCache.java:2424)
	at com.google.common.cache.LocalCache$Segment.lockedGetOrLoad(LocalCache.java:2298)
	at com.google.common.cache.LocalCache$Segment.get(LocalCache.java:2211)
	... 15 more

[17:11:14] [Server thread/ERROR] [WorldEventHandler] Error handling WorldEvent.Unload
java.lang.NullPointerException: null
	at journeymap.client.forge.event.WorldEventHandler.onUnload(WorldEventHandler.java:33) [WorldEventHandler.class:1.12.2-5.5.2]
	at net.minecraftforge.fml.common.eventhandler.ASMEventHandler_1583_WorldEventHandler_onUnload_Unload.invoke(.dynamic) [?:?]
	at net.minecraftforge.fml.common.eventhandler.ASMEventHandler.invoke(ASMEventHandler.java:90) [ASMEventHandler.class:?]
	at net.minecraftforge.fml.common.eventhandler.EventBus.post(EventBus.java:182) [EventBus.class:?]
	at net.minecraftforge.common.DimensionManager.unloadWorlds(DimensionManager.java:381) [DimensionManager.class:?]
	at net.minecraft.server.MinecraftServer.func_71190_q(MinecraftServer.java:788) [MinecraftServer.class:?]
	at net.minecraft.server.MinecraftServer.func_71217_p(MinecraftServer.java:668) [MinecraftServer.class:?]
	at net.minecraft.server.integrated.IntegratedServer.func_71217_p(IntegratedServer.java:185) [chd.class:?]
	at net.minecraft.server.MinecraftServer.run(MinecraftServer.java:526) [MinecraftServer.class:?]
	at java.lang.Thread.run(Thread.java:745) [?:1.8.0_51]
[17:11:14] [Server thread/ERROR] [DataCache] ExecutionException in getPlayer: com.google.common.util.concurrent.UncheckedExecutionException: java.lang.NullPointerException
	at com.google.common.cache.LocalCache$Segment.get(LocalCache.java:2217)
	at com.google.common.cache.LocalCache.get(LocalCache.java:4154)
	at com.google.common.cache.LocalCache.getOrLoad(LocalCache.java:4158)
	at com.google.common.cache.LocalCache$LocalLoadingCache.get(LocalCache.java:5147)
	at journeymap.client.data.DataCache.getPlayer(DataCache.java:303)
	at journeymap.client.data.DataCache.getPlayer(DataCache.java:190)
	at journeymap.client.forge.event.WorldEventHandler.onUnload(WorldEventHandler.java:33)
	at net.minecraftforge.fml.common.eventhandler.ASMEventHandler_1583_WorldEventHandler_onUnload_Unload.invoke(.dynamic)
	at net.minecraftforge.fml.common.eventhandler.ASMEventHandler.invoke(ASMEventHandler.java:90)
	at net.minecraftforge.fml.common.eventhandler.EventBus.post(EventBus.java:182)
	at net.minecraftforge.common.DimensionManager.unloadWorlds(DimensionManager.java:381)
	at net.minecraft.server.MinecraftServer.func_71190_q(MinecraftServer.java:788)
	at net.minecraft.server.MinecraftServer.func_71217_p(MinecraftServer.java:668)
	at net.minecraft.server.integrated.IntegratedServer.func_71217_p(IntegratedServer.java:185)
	at net.minecraft.server.MinecraftServer.run(MinecraftServer.java:526)
	at java.lang.Thread.run(Thread.java:745)
Caused by: java.lang.NullPointerException
	at com.google.common.base.Preconditions.checkNotNull(Preconditions.java:770)
	at com.google.common.cache.LocalCache.get(LocalCache.java:4153)
	at com.google.common.cache.LocalCache.getOrLoad(LocalCache.java:4158)
	at com.google.common.cache.LocalCache$LocalLoadingCache.get(LocalCache.java:5147)
	at com.google.common.cache.LocalCache$LocalLoadingCache.getUnchecked(LocalCache.java:5153)
	at journeymap.client.data.DataCache.getEntityDTO(DataCache.java:441)
	at journeymap.client.data.PlayerData.load(PlayerData.java:86)
	at journeymap.client.data.PlayerData.load(PlayerData.java:30)
	at com.google.common.cache.LocalCache$LoadingValueReference.loadFuture(LocalCache.java:3716)
	at com.google.common.cache.LocalCache$Segment.loadSync(LocalCache.java:2424)
	at com.google.common.cache.LocalCache$Segment.lockedGetOrLoad(LocalCache.java:2298)
	at com.google.common.cache.LocalCache$Segment.get(LocalCache.java:2211)
	... 15 more

[17:11:14] [Server thread/ERROR] [WorldEventHandler] Error handling WorldEvent.Unload
java.lang.NullPointerException: null
	at journeymap.client.forge.event.WorldEventHandler.onUnload(WorldEventHandler.java:33) [WorldEventHandler.class:1.12.2-5.5.2]
	at net.minecraftforge.fml.common.eventhandler.ASMEventHandler_1583_WorldEventHandler_onUnload_Unload.invoke(.dynamic) [?:?]
	at net.minecraftforge.fml.common.eventhandler.ASMEventHandler.invoke(ASMEventHandler.java:90) [ASMEventHandler.class:?]
	at net.minecraftforge.fml.common.eventhandler.EventBus.post(EventBus.java:182) [EventBus.class:?]
	at net.minecraftforge.common.DimensionManager.unloadWorlds(DimensionManager.java:381) [DimensionManager.class:?]
	at net.minecraft.server.MinecraftServer.func_71190_q(MinecraftServer.java:788) [MinecraftServer.class:?]
	at net.minecraft.server.MinecraftServer.func_71217_p(MinecraftServer.java:668) [MinecraftServer.class:?]
	at net.minecraft.server.integrated.IntegratedServer.func_71217_p(IntegratedServer.java:185) [chd.class:?]
	at net.minecraft.server.MinecraftServer.run(MinecraftServer.java:526) [MinecraftServer.class:?]
	at java.lang.Thread.run(Thread.java:745) [?:1.8.0_51]
[17:11:14] [Server thread/ERROR] [DataCache] ExecutionException in getPlayer: com.google.common.util.concurrent.UncheckedExecutionException: java.lang.NullPointerException
	at com.google.common.cache.LocalCache$Segment.get(LocalCache.java:2217)
	at com.google.common.cache.LocalCache.get(LocalCache.java:4154)
	at com.google.common.cache.LocalCache.getOrLoad(LocalCache.java:4158)
	at com.google.common.cache.LocalCache$LocalLoadingCache.get(LocalCache.java:5147)
	at journeymap.client.data.DataCache.getPlayer(DataCache.java:303)
	at journeymap.client.data.DataCache.getPlayer(DataCache.java:190)
	at journeymap.client.forge.event.WorldEventHandler.onUnload(WorldEventHandler.java:33)
	at net.minecraftforge.fml.common.eventhandler.ASMEventHandler_1583_WorldEventHandler_onUnload_Unload.invoke(.dynamic)
	at net.minecraftforge.fml.common.eventhandler.ASMEventHandler.invoke(ASMEventHandler.java:90)
	at net.minecraftforge.fml.common.eventhandler.EventBus.post(EventBus.java:182)
	at net.minecraftforge.common.DimensionManager.unloadWorlds(DimensionManager.java:381)
	at net.minecraft.server.MinecraftServer.func_71190_q(MinecraftServer.java:788)
	at net.minecraft.server.MinecraftServer.func_71217_p(MinecraftServer.java:668)
	at net.minecraft.server.integrated.IntegratedServer.func_71217_p(IntegratedServer.java:185)
	at net.minecraft.server.MinecraftServer.run(MinecraftServer.java:526)
	at java.lang.Thread.run(Thread.java:745)
Caused by: java.lang.NullPointerException
	at com.google.common.base.Preconditions.checkNotNull(Preconditions.java:770)
	at com.google.common.cache.LocalCache.get(LocalCache.java:4153)
	at com.google.common.cache.LocalCache.getOrLoad(LocalCache.java:4158)
	at com.google.common.cache.LocalCache$LocalLoadingCache.get(LocalCache.java:5147)
	at com.google.common.cache.LocalCache$LocalLoadingCache.getUnchecked(LocalCache.java:5153)
	at journeymap.client.data.DataCache.getEntityDTO(DataCache.java:441)
	at journeymap.client.data.PlayerData.load(PlayerData.java:86)
	at journeymap.client.data.PlayerData.load(PlayerData.java:30)
	at com.google.common.cache.LocalCache$LoadingValueReference.loadFuture(LocalCache.java:3716)
	at com.google.common.cache.LocalCache$Segment.loadSync(LocalCache.java:2424)
	at com.google.common.cache.LocalCache$Segment.lockedGetOrLoad(LocalCache.java:2298)
	at com.google.common.cache.LocalCache$Segment.get(LocalCache.java:2211)
	... 15 more

[17:11:14] [Server thread/ERROR] [WorldEventHandler] Error handling WorldEvent.Unload
java.lang.NullPointerException: null
	at journeymap.client.forge.event.WorldEventHandler.onUnload(WorldEventHandler.java:33) [WorldEventHandler.class:1.12.2-5.5.2]
	at net.minecraftforge.fml.common.eventhandler.ASMEventHandler_1583_WorldEventHandler_onUnload_Unload.invoke(.dynamic) [?:?]
	at net.minecraftforge.fml.common.eventhandler.ASMEventHandler.invoke(ASMEventHandler.java:90) [ASMEventHandler.class:?]
	at net.minecraftforge.fml.common.eventhandler.EventBus.post(EventBus.java:182) [EventBus.class:?]
	at net.minecraftforge.common.DimensionManager.unloadWorlds(DimensionManager.java:381) [DimensionManager.class:?]
	at net.minecraft.server.MinecraftServer.func_71190_q(MinecraftServer.java:788) [MinecraftServer.class:?]
	at net.minecraft.server.MinecraftServer.func_71217_p(MinecraftServer.java:668) [MinecraftServer.class:?]
	at net.minecraft.server.integrated.IntegratedServer.func_71217_p(IntegratedServer.java:185) [chd.class:?]
	at net.minecraft.server.MinecraftServer.run(MinecraftServer.java:526) [MinecraftServer.class:?]
	at java.lang.Thread.run(Thread.java:745) [?:1.8.0_51]
[17:11:14] [Server thread/ERROR] [DataCache] ExecutionException in getPlayer: com.google.common.util.concurrent.UncheckedExecutionException: java.lang.NullPointerException
	at com.google.common.cache.LocalCache$Segment.get(LocalCache.java:2217)
	at com.google.common.cache.LocalCache.get(LocalCache.java:4154)
	at com.google.common.cache.LocalCache.getOrLoad(LocalCache.java:4158)
	at com.google.common.cache.LocalCache$LocalLoadingCache.get(LocalCache.java:5147)
	at journeymap.client.data.DataCache.getPlayer(DataCache.java:303)
	at journeymap.client.data.DataCache.getPlayer(DataCache.java:190)
	at journeymap.client.forge.event.WorldEventHandler.onUnload(WorldEventHandler.java:33)
	at net.minecraftforge.fml.common.eventhandler.ASMEventHandler_1583_WorldEventHandler_onUnload_Unload.invoke(.dynamic)
	at net.minecraftforge.fml.common.eventhandler.ASMEventHandler.invoke(ASMEventHandler.java:90)
	at net.minecraftforge.fml.common.eventhandler.EventBus.post(EventBus.java:182)
	at net.minecraftforge.common.DimensionManager.unloadWorlds(DimensionManager.java:381)
	at net.minecraft.server.MinecraftServer.func_71190_q(MinecraftServer.java:788)
	at net.minecraft.server.MinecraftServer.func_71217_p(MinecraftServer.java:668)
	at net.minecraft.server.integrated.IntegratedServer.func_71217_p(IntegratedServer.java:185)
	at net.minecraft.server.MinecraftServer.run(MinecraftServer.java:526)
	at java.lang.Thread.run(Thread.java:745)
Caused by: java.lang.NullPointerException
	at com.google.common.base.Preconditions.checkNotNull(Preconditions.java:770)
	at com.google.common.cache.LocalCache.get(LocalCache.java:4153)
	at com.google.common.cache.LocalCache.getOrLoad(LocalCache.java:4158)
	at com.google.common.cache.LocalCache$LocalLoadingCache.get(LocalCache.java:5147)
	at com.google.common.cache.LocalCache$LocalLoadingCache.getUnchecked(LocalCache.java:5153)
	at journeymap.client.data.DataCache.getEntityDTO(DataCache.java:441)
	at journeymap.client.data.PlayerData.load(PlayerData.java:86)
	at journeymap.client.data.PlayerData.load(PlayerData.java:30)
	at com.google.common.cache.LocalCache$LoadingValueReference.loadFuture(LocalCache.java:3716)
	at com.google.common.cache.LocalCache$Segment.loadSync(LocalCache.java:2424)
	at com.google.common.cache.LocalCache$Segment.lockedGetOrLoad(LocalCache.java:2298)
	at com.google.common.cache.LocalCache$Segment.get(LocalCache.java:2211)
	... 15 more

[17:11:14] [Server thread/ERROR] [WorldEventHandler] Error handling WorldEvent.Unload
java.lang.NullPointerException: null
	at journeymap.client.forge.event.WorldEventHandler.onUnload(WorldEventHandler.java:33) [WorldEventHandler.class:1.12.2-5.5.2]
	at net.minecraftforge.fml.common.eventhandler.ASMEventHandler_1583_WorldEventHandler_onUnload_Unload.invoke(.dynamic) [?:?]
	at net.minecraftforge.fml.common.eventhandler.ASMEventHandler.invoke(ASMEventHandler.java:90) [ASMEventHandler.class:?]
	at net.minecraftforge.fml.common.eventhandler.EventBus.post(EventBus.java:182) [EventBus.class:?]
	at net.minecraftforge.common.DimensionManager.unloadWorlds(DimensionManager.java:381) [DimensionManager.class:?]
	at net.minecraft.server.MinecraftServer.func_71190_q(MinecraftServer.java:788) [MinecraftServer.class:?]
	at net.minecraft.server.MinecraftServer.func_71217_p(MinecraftServer.java:668) [MinecraftServer.class:?]
	at net.minecraft.server.integrated.IntegratedServer.func_71217_p(IntegratedServer.java:185) [chd.class:?]
	at net.minecraft.server.MinecraftServer.run(MinecraftServer.java:526) [MinecraftServer.class:?]
	at java.lang.Thread.run(Thread.java:745) [?:1.8.0_51]
[17:11:28] [main/WARN] [PropertiesBase] core (Initialized) Bad configField entry during updateFrom(): optionsManagerViewed=null
[17:11:28] [main/WARN] [PropertiesBase] core (Initialized) Bad configField entry during updateFrom(): splashViewed=null
[17:11:28] [main/INFO] [TopoRenderer] Loading journeymap.topo.config
[17:11:29] [main/INFO] [WaypointStore] Loaded 0 waypoints from C:\Users\Jolvary\Documents\Curse\Minecraft\Instances\Foregoing\journeymap\data\sp\Foregoing\waypoints
[17:11:29] [main/INFO] [JourneymapClient] Mapping started in C:\Users\Jolvary\Documents\Curse\Minecraft\Instances\Foregoing\journeymap\data\sp\Foregoing\DIM0. Memory: 3446MB total, 1217MB free 
[17:11:29] [main/INFO] [ChatLog] JourneyMap: Press [J]
[17:15:07] [main/INFO] [JourneymapClient] Mapping halted in C:\Users\Jolvary\Documents\Curse\Minecraft\Instances\Foregoing\journeymap\data\sp\Foregoing\DIM0
