[16:30:27] [INFO] ModConfig Loaded: true
[16:30:27] [INFO] JEI: Compost Recipe Pages Loaded:         1
[16:30:27] [INFO] JEI: Fluid Block Transform Recipes Loaded:       22
[16:30:27] [INFO] JEI: Fluid On Top Recipes Loaded:       2
[16:30:28] [INFO] JEI: Fluid Transform Recipes Loaded:    1
[16:30:28] [INFO] JEI: Hammer Recipes Loaded:             27
[16:30:28] [INFO] JEI: Heat Sources Loaded:             5
[16:30:28] [INFO] JEI: Sieve Recipes Loaded:              46
[16:30:28] [INFO] JEI: Stone Crucible Recipes Loaded:       3
[16:33:45] [INFO] ModConfig Loaded: true
[16:33:45] [INFO] JEI: Compost Recipe Pages Loaded:         1
[16:33:45] [INFO] JEI: Fluid Block Transform Recipes Loaded:       22
[16:33:45] [INFO] JEI: Fluid On Top Recipes Loaded:       2
[16:33:45] [INFO] JEI: Fluid Transform Recipes Loaded:    1
[16:33:45] [INFO] JEI: Hammer Recipes Loaded:             27
[16:33:45] [INFO] JEI: Heat Sources Loaded:             5
[16:33:45] [INFO] JEI: Sieve Recipes Loaded:              46
[16:33:45] [INFO] JEI: Stone Crucible Recipes Loaded:       3
[16:36:30] [INFO] ModConfig Loaded: true
[16:36:30] [INFO] JEI: Compost Recipe Pages Loaded:         1
[16:36:30] [INFO] JEI: Fluid Block Transform Recipes Loaded:       22
[16:36:30] [INFO] JEI: Fluid On Top Recipes Loaded:       2
[16:36:30] [INFO] JEI: Fluid Transform Recipes Loaded:    1
[16:36:30] [INFO] JEI: Hammer Recipes Loaded:             27
[16:36:30] [INFO] JEI: Heat Sources Loaded:             5
[16:36:30] [INFO] JEI: Sieve Recipes Loaded:              46
[16:36:30] [INFO] JEI: Stone Crucible Recipes Loaded:       3
